#
# There is insufficient memory for the Java Runtime Environment to continue.
# Native memory allocation (mmap) failed to map 134217728 bytes for Failed to commit area from 0x00000000d1200000 to 0x00000000d9200000 of length 134217728.
# Possible reasons:
#   The system is out of physical RAM or swap space
#   The process is running with CompressedOops enabled, and the Java Heap may be blocking the growth of the native heap
# Possible solutions:
#   Reduce memory load on the system
#   Increase physical memory or swap space
#   Check if swap backing store is full
#   Decrease Java heap size (-Xmx/-Xms)
#   Decrease number of Java threads
#   Decrease Java thread stack sizes (-Xss)
#   Set larger code cache with -XX:ReservedCodeCacheSize=
# This output file may be truncated or incomplete.
#
#  Out of Memory Error (./src/hotspot/os/windows/os_windows.cpp:3521), pid=3428, tid=7112
#
# JRE version:  (11.0.12+7) (build )
# Java VM: OpenJDK 64-Bit Server VM (11.0.12+7-b1504.40, mixed mode, sharing, tiered, compressed oops, g1 gc, windows-amd64)
# No core dump will be written. Minidumps are not enabled by default on client versions of Windows
#

---------------  S U M M A R Y ------------

Command Line: -Djava.rmi.server.hostname=127.0.0.1 -Duser.timezone=UTC -Xmx750m -Xms128m -Dfile.encoding=UTF-8 com.intellij.database.remote.RemoteJdbcServer com.mysql.cj.jdbc.Driver

Host: Intel(R) Core(TM) i3-2130 CPU @ 3.40GHz, 4 cores, 3G,  Windows 10 , 64 bit Build 17763 (10.0.17763.2452)
Time: Mon Feb 14 10:55:44 2022 Aaea?onu (ceia) elapsed time: 0.316854 seconds (0d 0h 0m 0s)

---------------  T H R E A D  ---------------

Current thread (0x000002d85cd20000):  JavaThread "Unknown thread" [_thread_in_vm, id=7112, stack(0x000000ea32f00000,0x000000ea33000000)]

Stack: [0x000000ea32f00000,0x000000ea33000000]
Native frames: (J=compiled Java code, j=interpreted, Vv=VM code, C=native code)
V  [jvm.dll+0x5ff40a]
V  [jvm.dll+0x783b65]
V  [jvm.dll+0x78517d]
V  [jvm.dll+0x785833]
V  [jvm.dll+0x249408]
V  [jvm.dll+0x5fc7f4]
V  [jvm.dll+0x5f13c5]
V  [jvm.dll+0x3076bb]
V  [jvm.dll+0x30762a]
V  [jvm.dll+0x307502]
V  [jvm.dll+0x30c466]
V  [jvm.dll+0x355543]
V  [jvm.dll+0x355c46]
V  [jvm.dll+0x355643]
V  [jvm.dll+0x2e2018]
V  [jvm.dll+0x2e31c7]
V  [jvm.dll+0x761f57]
V  [jvm.dll+0x76374c]
V  [jvm.dll+0x362ab9]
V  [jvm.dll+0x7455be]
V  [jvm.dll+0x3cb673]
V  [jvm.dll+0x3cda21]
C  [jli.dll+0x536b]
C  [ucrtbase.dll+0x2268a]
C  [KERNEL32.DLL+0x17974]
C  [ntdll.dll+0x5a2f1]


---------------  P R O C E S S  ---------------

Threads class SMR info:
_java_thread_list=0x000002d85ab38fc0, length=0, elements={
}

Java Threads: ( => current thread )

Other Threads:
  0x000002d85cd39000 GCTaskThread "GC Thread#0" [stack: 0x000000ea33000000,0x000000ea33100000] [id=4064]
  0x000002d85cd50000 ConcurrentGCThread "G1 Main Marker" [stack: 0x000000ea33100000,0x000000ea33200000] [id=2412]
  0x000002d85cd51800 ConcurrentGCThread "G1 Conc#0" [stack: 0x000000ea33200000,0x000000ea33300000] [id=7616]

[error occurred during error reporting (printing all threads), id 0xc0000005, EXCEPTION_ACCESS_VIOLATION (0xc0000005) at pc=0x00007ffe7bb527a7]

VM state:not at safepoint (not fully initialized)

VM Mutex/Monitor currently owned by a thread:  ([mutex/lock_event])
[0x000002d85cd1b8e0] Heap_lock - owner thread: 0x000002d85cd20000

Heap address: 0x00000000d1200000, size: 750 MB, Compressed Oops mode: Non-zero based: 0x00000000d1200000
Narrow klass base: 0x0000000000000000, Narrow klass shift: 0

GC Heap History (0 events):
No events

Deoptimization events (0 events):
No events

Classes redefined (0 events):
No events

Internal exceptions (0 events):
No events

Events (1 events):
Event: 0.034 Loaded shared library C:\Program Files\JetBrains\IntelliJ IDEA 2021.2.3\jbr\bin\zip.dll


Dynamic libraries:
0x00007ff636940000 - 0x00007ff63694a000 	C:\Program Files\JetBrains\IntelliJ IDEA 2021.2.3\jbr\bin\java.exe
0x00007ffecbe20000 - 0x00007ffecc00d000 	C:\Windows\SYSTEM32\ntdll.dll
0x00007ffeca1e0000 - 0x00007ffeca294000 	C:\Windows\System32\KERNEL32.DLL
0x00007ffec8770000 - 0x00007ffec8a04000 	C:\Windows\System32\KERNELBASE.dll
0x00007ffea4040000 - 0x00007ffea4057000 	C:\Program Files\JetBrains\IntelliJ IDEA 2021.2.3\jbr\bin\VCRUNTIME140.dll
0x00007ffeaea50000 - 0x00007ffeaea69000 	C:\Program Files\JetBrains\IntelliJ IDEA 2021.2.3\jbr\bin\jli.dll
0x000002d85ac10000 - 0x000002d85ad0a000 	C:\Windows\System32\ucrtbase.dll
0x00007ffecb9f0000 - 0x00007ffecbb87000 	C:\Windows\System32\USER32.dll
0x00007ffec86a0000 - 0x00007ffec86c0000 	C:\Windows\System32\win32u.dll
0x00007ffec9ff0000 - 0x00007ffeca019000 	C:\Windows\System32\GDI32.dll
0x00007ffec8eb0000 - 0x00007ffec904c000 	C:\Windows\System32\gdi32full.dll
0x00007ffec8600000 - 0x00007ffec86a0000 	C:\Windows\System32\msvcp_win.dll
0x00007ffeab270000 - 0x00007ffeab4e9000 	C:\Windows\WinSxS\amd64_microsoft.windows.common-controls_6595b64144ccf1df_6.0.17763.2565_none_de7373805349545e\COMCTL32.dll
0x00007ffeca020000 - 0x00007ffeca0be000 	C:\Windows\System32\msvcrt.dll
0x00007ffec90d0000 - 0x00007ffec93fd000 	C:\Windows\System32\combase.dll
0x00007ffeca0c0000 - 0x00007ffeca1dd000 	C:\Windows\System32\RPCRT4.dll
0x00007ffec8bb0000 - 0x00007ffec8c32000 	C:\Windows\System32\bcryptPrimitives.dll
0x00007ffecbc40000 - 0x00007ffecbc6e000 	C:\Windows\System32\IMM32.DLL
0x00007ffe941b0000 - 0x00007ffe9424d000 	C:\Program Files\JetBrains\IntelliJ IDEA 2021.2.3\jbr\bin\msvcp140.dll
0x00007ffe7b860000 - 0x00007ffe7c3b8000 	C:\Program Files\JetBrains\IntelliJ IDEA 2021.2.3\jbr\bin\server\jvm.dll
0x00007ffec9870000 - 0x00007ffec9917000 	C:\Windows\System32\ADVAPI32.dll
0x00007ffec9e20000 - 0x00007ffec9ebf000 	C:\Windows\System32\sechost.dll
0x00007ffec9860000 - 0x00007ffec9868000 	C:\Windows\System32\PSAPI.DLL
0x00007ffeaea40000 - 0x00007ffeaea49000 	C:\Windows\SYSTEM32\WSOCK32.dll
0x00007ffec5ea0000 - 0x00007ffec5ec4000 	C:\Windows\SYSTEM32\WINMM.dll
0x00007ffec2ce0000 - 0x00007ffec2cea000 	C:\Windows\SYSTEM32\VERSION.dll
0x00007ffec94e0000 - 0x00007ffec954d000 	C:\Windows\System32\WS2_32.dll
0x00007ffec5e70000 - 0x00007ffec5e9d000 	C:\Windows\SYSTEM32\winmmbase.dll
0x00007ffec8a30000 - 0x00007ffec8a7a000 	C:\Windows\System32\cfgmgr32.dll
0x00007ffec7e90000 - 0x00007ffec7ea1000 	C:\Windows\System32\kernel.appcore.dll
0x00007ffead4a0000 - 0x00007ffead4b1000 	C:\Program Files\JetBrains\IntelliJ IDEA 2021.2.3\jbr\bin\verify.dll
0x00007ffec0280000 - 0x00007ffec046d000 	C:\Windows\SYSTEM32\DBGHELP.DLL
0x00007ffec0250000 - 0x00007ffec027a000 	C:\Windows\SYSTEM32\dbgcore.DLL
0x00007ffead470000 - 0x00007ffead499000 	C:\Program Files\JetBrains\IntelliJ IDEA 2021.2.3\jbr\bin\java.dll
0x00007ffead460000 - 0x00007ffead46b000 	C:\Program Files\JetBrains\IntelliJ IDEA 2021.2.3\jbr\bin\jimage.dll
0x00007ffead440000 - 0x00007ffead458000 	C:\Program Files\JetBrains\IntelliJ IDEA 2021.2.3\jbr\bin\zip.dll

dbghelp: loaded successfully - version: 4.0.5 - missing functions: none
symbol engine: initialized successfully - sym options: 0x614 - pdb path: .;C:\Program Files\JetBrains\IntelliJ IDEA 2021.2.3\jbr\bin;C:\Windows\SYSTEM32;C:\Windows\WinSxS\amd64_microsoft.windows.common-controls_6595b64144ccf1df_6.0.17763.2565_none_de7373805349545e;C:\Program Files\JetBrains\IntelliJ IDEA 2021.2.3\jbr\bin\server

VM Arguments:
jvm_args: -Djava.rmi.server.hostname=127.0.0.1 -Duser.timezone=UTC -Xmx750m -Xms128m -Dfile.encoding=UTF-8 
java_command: com.intellij.database.remote.RemoteJdbcServer com.mysql.cj.jdbc.Driver
java_class_path (initial): C:\Program Files\JetBrains\IntelliJ IDEA 2021.2.3\lib\util.jar;C:\Program Files\JetBrains\IntelliJ IDEA 2021.2.3\lib\groovy-2.5.14.jar;C:\Program Files\JetBrains\IntelliJ IDEA 2021.2.3\plugins\DatabaseTools\lib\jdbc-console.jar;C:\Users\Garry\AppData\Roaming\JetBrains\IntelliJIdea2021.2\jdbc-drivers\MySQL ConnectorJ\8.0.25\mysql-connector-java-8.0.25.jar
Launcher Type: SUN_STANDARD

[Global flags]
     intx CICompilerCount                          = 3                                         {product} {ergonomic}
     uint ConcGCThreads                            = 1                                         {product} {ergonomic}
     uint G1ConcRefinementThreads                  = 4                                         {product} {ergonomic}
   size_t G1HeapRegionSize                         = 1048576                                   {product} {ergonomic}
    uintx GCDrainStackTargetSize                   = 64                                        {product} {ergonomic}
   size_t InitialHeapSize                          = 134217728                                 {product} {command line}
   size_t MarkStackSize                            = 4194304                                   {product} {ergonomic}
   size_t MaxHeapSize                              = 786432000                                 {product} {command line}
   size_t MinHeapDeltaBytes                        = 1048576                                   {product} {ergonomic}
    uintx NonNMethodCodeHeapSize                   = 5830732                                {pd product} {ergonomic}
    uintx NonProfiledCodeHeapSize                  = 122913754                              {pd product} {ergonomic}
    uintx ProfiledCodeHeapSize                     = 122913754                              {pd product} {ergonomic}
    uintx ReservedCodeCacheSize                    = 251658240                              {pd product} {ergonomic}
     bool SegmentedCodeCache                       = true                                      {product} {ergonomic}
     bool UseCompressedClassPointers               = true                                 {lp64_product} {ergonomic}
     bool UseCompressedOops                        = true                                 {lp64_product} {ergonomic}
     bool UseG1GC                                  = true                                      {product} {ergonomic}
     bool UseLargePagesIndividualAllocation        = false                                  {pd product} {ergonomic}

Logging:
Log output configuration:
 #0: stdout all=warning uptime,level,tags
 #1: stderr all=off uptime,level,tags

Environment Variables:
PATH=C:\Program Files\Common Files\Oracle\Java\javapath;C:\Program Files (x86)\Common Files\Oracle\Java\javapath;C:\Windows\system32;C:\Windows;C:\Windows\System32\Wbem;C:\Windows\System32\WindowsPowerShell\v1.0\;C:\Windows\System32\OpenSSH\;C:\Program Files\Git\cmd;C:\Program Files\nodejs\;C:\Program Files\MySQL\MySQL Shell 8.0\bin\;C:\Users\Garry\AppData\Local\Microsoft\WindowsApps;C:\Users\Garry\AppData\Local\Programs\Microsoft VS Code\bin;C:\Users\Garry\AppData\Roaming\npm;C:\Users\Garry\AppData\Local\GitHubDesktop\bin;C:\Program Files\JetBrains\IntelliJ IDEA Community Edition 2021.1.3\bin;;C:\Program Files\JetBrains\IntelliJ IDEA 2021.2.3\bin;
USERNAME=Garry
OS=Windows_NT
PROCESSOR_IDENTIFIER=Intel64 Family 6 Model 42 Stepping 7, GenuineIntel



---------------  S Y S T E M  ---------------

OS: Windows 10 , 64 bit Build 17763 (10.0.17763.2452)
OS uptime: 1 days 22:49 hours

CPU:total 4 (initial active 4) (2 cores per cpu, 2 threads per core) family 6 model 42 stepping 7 microcode 0x2f, cmov, cx8, fxsr, mmx, sse, sse2, sse3, ssse3, sse4.1, sse4.2, popcnt, avx, clmul, ht, tsc, tscinvbit

Memory: 4k page, system-wide physical 4059M (246M free)
TotalPageFile size 7108M (AvailPageFile size 105M)
current process WorkingSet (physical memory assigned to process): 9M, peak: 9M
current process commit charge ("private bytes"): 51M, peak: 179M

vm_info: OpenJDK 64-Bit Server VM (11.0.12+7-b1504.40) for windows-amd64 JRE (11.0.12+7-b1504.40), built on Sep 23 2021 14:38:03 by "" with MS VC++ 14.0 (VS2015)

END.
