#
# There is insufficient memory for the Java Runtime Environment to continue.
# Native memory allocation (malloc) failed to allocate 32744 bytes for ChunkPool::allocate
# Possible reasons:
#   The system is out of physical RAM or swap space
#   The process is running with CompressedOops enabled, and the Java Heap may be blocking the growth of the native heap
# Possible solutions:
#   Reduce memory load on the system
#   Increase physical memory or swap space
#   Check if swap backing store is full
#   Decrease Java heap size (-Xmx/-Xms)
#   Decrease number of Java threads
V  [jvm.dll+0x5ff40a]
V  [jvm.dll+0x783b65]
V  [jvm.dll+0x78517d]
V  [jvm.dll+0x785833]
V  [jvm.dll+0x249408]
V  [jvm.dll+0xc152b]
V  [jvm.dll+0xc17dc]
V  [jvm.dll+0xc13dc]
V  [jvm.dll+0x5de52e]
V  [jvm.dll+0x5dc192]
V  [jvm.dll+0x2d8389]
V  [jvm.dll+0x5c5af1]
V  [jvm.dll+0x10b29c]
V  [jvm.dll+0x33b119]
V  [jvm.dll+0x6212cc]
V  [jvm.dll+0x6204b7]
V  [jvm.dll+0x61b48c]
V  [jvm.dll+0x614f5a]
V  [jvm.dll+0x6145c3]
V  [jvm.dll+0x612612]
V  [jvm.dll+0x18d5bc]
V  [jvm.dll+0x2bdaaf]
V  [jvm.dll+0x61d1e5]
V  [jvm.dll+0x614f5a]
V  [jvm.dll+0x6145c3]
V  [jvm.dll+0x612612]
V  [jvm.dll+0x18d5bc]
V  [jvm.dll+0x2bdaaf]
V  [jvm.dll+0x61d1e5]
V  [jvm.dll+0x614f5a]
V  [jvm.dll+0x6145c3]
V  [jvm.dll+0x612612]
V  [jvm.dll+0x18d5bc]
V  [jvm.dll+0x200e45]
V  [jvm.dll+0x18ae6c]
V  [jvm.dll+0x20fb97]
V  [jvm.dll+0x20e3c1]
V  [jvm.dll+0x74b88f]
V  [jvm.dll+0x744355]
V  [jvm.dll+0x5fe316]
C  [ucrtbase.dll+0x2268a]
C  [KERNEL32.DLL+0x17974]
C  [ntdll.dll+0x5a2f1]


---------------  P R O C E S S  ---------------

Threads class SMR info:
_java_thread_list=0x000001aa8f8cb480, length=15, elements={
0x000001aaf7b4c800, 0x000001aaff7ca000, 0x000001aaff7cb000, 0x000001aaff80c000,
0x000001aaff80d000, 0x000001aaff80e000, 0x000001aaff813800, 0x000001aaff819000,
0x000001aaff82b000, 0x000001aaffae8000, 0x000001aaffbd8000, 0x000001aa8f8eb800,
0x000001aa8f942800, 0x000001aa8f943000, 0x000001aa8f946000
}

Java Threads: ( => current thread )
  0x000001aaf7b4c800 JavaThread "main" [_thread_in_vm, id=792, stack(0x0000004ddeb00000,0x0000004ddec00000)]
  0x000001aaff7ca000 JavaThread "Reference Handler" daemon [_thread_blocked, id=4752, stack(0x0000004ddf200000,0x0000004ddf300000)]
  0x000001aaff7cb000 JavaThread "Finalizer" daemon [_thread_blocked, id=5324, stack(0x0000004ddf300000,0x0000004ddf400000)]
  0x000001aaff80c000 JavaThread "Signal Dispatcher" daemon [_thread_blocked, id=10224, stack(0x0000004ddf400000,0x0000004ddf500000)]
  0x000001aaff80d000 JavaThread "Attach Listener" daemon [_thread_blocked, id=10228, stack(0x0000004ddf500000,0x0000004ddf600000)]
  0x000001aaff80e000 JavaThread "Service Thread" daemon [_thread_blocked, id=4064, stack(0x0000004ddf600000,0x0000004ddf700000)]
=>0x000001aaff813800 JavaThread "C2 CompilerThread0" daemon [_thread_in_native, id=2412, stack(0x0000004ddf700000,0x0000004ddf800000)]
  0x000001aaff819000 JavaThread "C1 CompilerThread0" daemon [_thread_blocked, id=7616, stack(0x0000004ddf800000,0x0000004ddf900000)]
  0x000001aaff82b000 JavaThread "Sweeper thread" daemon [_thread_blocked, id=7112, stack(0x0000004ddf900000,0x0000004ddfa00000)]
  0x000001aaffae8000 JavaThread "Common-Cleaner" daemon [_thread_blocked, id=5468, stack(0x0000004ddfb00000,0x0000004ddfc00000)]
  0x000001aaffbd8000 JavaThread "mysql-cj-abandoned-connection-cleanup" daemon [_thread_blocked, id=9540, stack(0x0000004ddfc00000,0x0000004ddfd00000)]
  0x000001aa8f8eb800 JavaThread "RMI TCP Accept-54193" daemon [_thread_in_native, id=1700, stack(0x0000004ddfd00000,0x0000004ddfe00000)]
  0x000001aa8f942800 JavaThread "RMI TCP Accept-0" daemon [_thread_in_native, id=6576, stack(0x0000004ddfe00000,0x0000004ddff00000)]
  0x000001aa8f943000 JavaThread "RMI Reaper" [_thread_blocked, id=3012, stack(0x0000004ddff00000,0x0000004de0000000)]
  0x000001aa8f946000 JavaThread "RMI GC Daemon" daemon [_thread_blocked, id=7964, stack(0x0000004de0000000,0x0000004de0100000)]

Other Threads:
  0x000001aaff7c7000 VMThread "VM Thread" [stack: 0x0000004ddf100000,0x0000004ddf200000] [id=8304]
  0x000001aaffadf800 WatcherThread [stack: 0x0000004ddfa00000,0x0000004ddfb00000] [id=6816]
  0x000001aaf7b65800 GCTaskThread "GC Thread#0" [stack: 0x0000004ddec00000,0x0000004dded00000] [id=7936]
  0x000001aa8f9ac000 GCTaskThread "GC Thread#1" [stack: 0x0000004de0100000,0x0000004de0200000] [id=8308]
  0x000001aa8f9ac800 GCTaskThread "GC Thread#2" [stack: 0x0000004de0200000,0x0000004de0300000] [id=6628]
  0x000001aa8f9ad800 GCTaskThread "GC Thread#3" [stack: 0x0000004de0300000,0x0000004de0400000] [id=3428]
  0x000001aaf7b7d000 ConcurrentGCThread "G1 Main Marker" [stack: 0x0000004dded00000,0x0000004ddee00000] [id=1204]
  0x000001aaf7b7e800 ConcurrentGCThread "G1 Conc#0" [stack: 0x0000004ddee00000,0x0000004ddef00000] [id=2316]
  0x000001aaf7c10800 ConcurrentGCThread "G1 Refine#0" [stack: 0x0000004ddef00000,0x0000004ddf000000] [id=9972]
  0x000001aaf7c11800 ConcurrentGCThread "G1 Young RemSet Sampling" [stack: 0x0000004ddf000000,0x0000004ddf100000] [id=7780]

Threads with active compile tasks:
C2 CompilerThread0   2626  599       4       java.lang.invoke.LambdaForm$Name::replaceNames (174 bytes)

VM state:synchronizing (normal execution)

VM Mutex/Monitor currently owned by a thread:  ([mutex/lock_event])
[0x000001aaf7b490e0] Threads_lock - owner thread: 0x000001aaff7c7000
[0x000001aaf7b4a010] Heap_lock - owner thread: 0x000001aaf7b7d000

Heap address: 0x00000000d1200000, size: 750 MB, Compressed Oops mode: 32-bit
Narrow klass base: 0x0000000000000000, Narrow klass shift: 3
Compressed class space size: 1073741824 Address: 0x0000000100000000

Heap:
 garbage-first heap   total 131072K, used 3374K [0x00000000d1200000, 0x0000000100000000)
  region size 1024K, 3 young (3072K), 2 survivors (2048K)
 Metaspace       used 9738K, capacity 10194K, committed 10496K, reserved 1064960K
  class space    used 1004K, capacity 1220K, committed 1280K, reserved 1048576K
Heap Regions: E=young(eden), S=young(survivor), O=old, HS=humongous(starts), HC=humongous(continues), CS=collection set, F=free, A=archive, TAMS=top-at-mark-start (previous, next)
|   0|0x00000000d1200000, 0x00000000d1300000, 0x00000000d1300000|100%|HS|  |TAMS 0x00000000d1200000, 0x00000000d1300000| Complete 
|   1|0x00000000d1300000, 0x00000000d134ba00, 0x00000000d1400000| 29%| O|  |TAMS 0x00000000d1300000, 0x00000000d134ba00| Untracked 
|   2|0x00000000d1400000, 0x00000000d1400000, 0x00000000d1500000|  0%| F|  |TAMS 0x00000000d1400000, 0x00000000d1400000| Untracked 
|   3|0x00000000d1500000, 0x00000000d1500000, 0x00000000d1600000|  0%| F|  |TAMS 0x00000000d1500000, 0x00000000d1500000| Untracked 
|   4|0x00000000d1600000, 0x00000000d1600000, 0x00000000d1700000|  0%| F|  |TAMS 0x00000000d1600000, 0x00000000d1600000| Untracked 
|   5|0x00000000d1700000, 0x00000000d1700000, 0x00000000d1800000|  0%| F|  |TAMS 0x00000000d1700000, 0x00000000d1700000| Untracked 
|   6|0x00000000d1800000, 0x00000000d1800000, 0x00000000d1900000|  0%| F|  |TAMS 0x00000000d1800000, 0x00000000d1800000| Untracked 
|   7|0x00000000d1900000, 0x00000000d1900000, 0x00000000d1a00000|  0%| F|  |TAMS 0x00000000d1900000, 0x00000000d1900000| Untracked 
|   8|0x00000000d1a00000, 0x00000000d1a00000, 0x00000000d1b00000|  0%| F|  |TAMS 0x00000000d1a00000, 0x00000000d1a00000| Untracked 
|   9|0x00000000d1b00000, 0x00000000d1b00000, 0x00000000d1c00000|  0%| F|  |TAMS 0x00000000d1b00000, 0x00000000d1b00000| Untracked 
|  10|0x00000000d1c00000, 0x00000000d1c00000, 0x00000000d1d00000|  0%| F|  |TAMS 0x00000000d1c00000, 0x00000000d1c00000| Untracked 
|  11|0x00000000d1d00000, 0x00000000d1d00000, 0x00000000d1e00000|  0%| F|  |TAMS 0x00000000d1d00000, 0x00000000d1d00000| Untracked 
|  12|0x00000000d1e00000, 0x00000000d1e00000, 0x00000000d1f00000|  0%| F|  |TAMS 0x00000000d1e00000, 0x00000000d1e00000| Untracked 
|  13|0x00000000d1f00000, 0x00000000d1f00000, 0x00000000d2000000|  0%| F|  |TAMS 0x00000000d1f00000, 0x00000000d1f00000| Untracked 
|  14|0x00000000d2000000, 0x00000000d2000000, 0x00000000d2100000|  0%| F|  |TAMS 0x00000000d2000000, 0x00000000d2000000| Untracked 
|  15|0x00000000d2100000, 0x00000000d2100000, 0x00000000d2200000|  0%| F|  |TAMS 0x00000000d2100000, 0x00000000d2100000| Untracked 
|  16|0x00000000d2200000, 0x00000000d2200000, 0x00000000d2300000|  0%| F|  |TAMS 0x00000000d2200000, 0x00000000d2200000| Untracked 
|  17|0x00000000d2300000, 0x00000000d2300000, 0x00000000d2400000|  0%| F|  |TAMS 0x00000000d2300000, 0x00000000d2300000| Untracked 
|  18|0x00000000d2400000, 0x00000000d2400000, 0x00000000d2500000|  0%| F|  |TAMS 0x00000000d2400000, 0x00000000d2400000| Untracked 
|  19|0x00000000d2500000, 0x00000000d2500000, 0x00000000d2600000|  0%| F|  |TAMS 0x00000000d2500000, 0x00000000d2500000| Untracked 
|  20|0x00000000d2600000, 0x00000000d2600000, 0x00000000d2700000|  0%| F|  |TAMS 0x00000000d2600000, 0x00000000d2600000| Untracked 
|  21|0x00000000d2700000, 0x00000000d2700000, 0x00000000d2800000|  0%| F|  |TAMS 0x00000000d2700000, 0x00000000d2700000| Untracked 
|  22|0x00000000d2800000, 0x00000000d2800000, 0x00000000d2900000|  0%| F|  |TAMS 0x00000000d2800000, 0x00000000d2800000| Untracked 
|  23|0x00000000d2900000, 0x00000000d2900000, 0x00000000d2a00000|  0%| F|  |TAMS 0x00000000d2900000, 0x00000000d2900000| Untracked 
|  24|0x00000000d2a00000, 0x00000000d2a00000, 0x00000000d2b00000|  0%| F|  |TAMS 0x00000000d2a00000, 0x00000000d2a00000| Untracked 
|  25|0x00000000d2b00000, 0x00000000d2b00000, 0x00000000d2c00000|  0%| F|  |TAMS 0x00000000d2b00000, 0x00000000d2b00000| Untracked 
|  26|0x00000000d2c00000, 0x00000000d2c00000, 0x00000000d2d00000|  0%| F|  |TAMS 0x00000000d2c00000, 0x00000000d2c00000| Untracked 
|  27|0x00000000d2d00000, 0x00000000d2d00000, 0x00000000d2e00000|  0%| F|  |TAMS 0x00000000d2d00000, 0x00000000d2d00000| Untracked 
|  28|0x00000000d2e00000, 0x00000000d2e00000, 0x00000000d2f00000|  0%| F|  |TAMS 0x00000000d2e00000, 0x00000000d2e00000| Untracked 
|  29|0x00000000d2f00000, 0x00000000d2f00000, 0x00000000d3000000|  0%| F|  |TAMS 0x00000000d2f00000, 0x00000000d2f00000| Untracked 
|  30|0x00000000d3000000, 0x00000000d3000000, 0x00000000d3100000|  0%| F|  |TAMS 0x00000000d3000000, 0x00000000d3000000| Untracked 
|  31|0x00000000d3100000, 0x00000000d3100000, 0x00000000d3200000|  0%| F|  |TAMS 0x00000000d3100000, 0x00000000d3100000| Untracked 
|  32|0x00000000d3200000, 0x00000000d3200000, 0x00000000d3300000|  0%| F|  |TAMS 0x00000000d3200000, 0x00000000d3200000| Untracked 
|  33|0x00000000d3300000, 0x00000000d3300000, 0x00000000d3400000|  0%| F|  |TAMS 0x00000000d3300000, 0x00000000d3300000| Untracked 
|  34|0x00000000d3400000, 0x00000000d3400000, 0x00000000d3500000|  0%| F|  |TAMS 0x00000000d3400000, 0x00000000d3400000| Untracked 
|  35|0x00000000d3500000, 0x00000000d3500000, 0x00000000d3600000|  0%| F|  |TAMS 0x00000000d3500000, 0x00000000d3500000| Untracked 
|  36|0x00000000d3600000, 0x00000000d3600000, 0x00000000d3700000|  0%| F|  |TAMS 0x00000000d3600000, 0x00000000d3600000| Untracked 
|  37|0x00000000d3700000, 0x00000000d3700000, 0x00000000d3800000|  0%| F|  |TAMS 0x00000000d3700000, 0x00000000d3700000| Untracked 
|  38|0x00000000d3800000, 0x00000000d3800000, 0x00000000d3900000|  0%| F|  |TAMS 0x00000000d3800000, 0x00000000d3800000| Untracked 
|  39|0x00000000d3900000, 0x00000000d3900000, 0x00000000d3a00000|  0%| F|  |TAMS 0x00000000d3900000, 0x00000000d3900000| Untracked 
|  40|0x00000000d3a00000, 0x00000000d3a00000, 0x00000000d3b00000|  0%| F|  |TAMS 0x00000000d3a00000, 0x00000000d3a00000| Untracked 
|  41|0x00000000d3b00000, 0x00000000d3b00000, 0x00000000d3c00000|  0%| F|  |TAMS 0x00000000d3b00000, 0x00000000d3b00000| Untracked 
|  42|0x00000000d3c00000, 0x00000000d3c00000, 0x00000000d3d00000|  0%| F|  |TAMS 0x00000000d3c00000, 0x00000000d3c00000| Untracked 
|  43|0x00000000d3d00000, 0x00000000d3d00000, 0x00000000d3e00000|  0%| F|  |TAMS 0x00000000d3d00000, 0x00000000d3d00000| Untracked 
|  44|0x00000000d3e00000, 0x00000000d3e00000, 0x00000000d3f00000|  0%| F|  |TAMS 0x00000000d3e00000, 0x00000000d3e00000| Untracked 
|  45|0x00000000d3f00000, 0x00000000d3f00000, 0x00000000d4000000|  0%| F|  |TAMS 0x00000000d3f00000, 0x00000000d3f00000| Untracked 
|  46|0x00000000d4000000, 0x00000000d4000000, 0x00000000d4100000|  0%| F|  |TAMS 0x00000000d4000000, 0x00000000d4000000| Untracked 
|  47|0x00000000d4100000, 0x00000000d4100000, 0x00000000d4200000|  0%| F|  |TAMS 0x00000000d4100000, 0x00000000d4100000| Untracked 
|  48|0x00000000d4200000, 0x00000000d4200000, 0x00000000d4300000|  0%| F|  |TAMS 0x00000000d4200000, 0x00000000d4200000| Untracked 
|  49|0x00000000d4300000, 0x00000000d4300000, 0x00000000d4400000|  0%| F|  |TAMS 0x00000000d4300000, 0x00000000d4300000| Untracked 
|  50|0x00000000d4400000, 0x00000000d4400000, 0x00000000d4500000|  0%| F|  |TAMS 0x00000000d4400000, 0x00000000d4400000| Untracked 
|  51|0x00000000d4500000, 0x00000000d4500000, 0x00000000d4600000|  0%| F|  |TAMS 0x00000000d4500000, 0x00000000d4500000| Untracked 
|  52|0x00000000d4600000, 0x00000000d4600000, 0x00000000d4700000|  0%| F|  |TAMS 0x00000000d4600000, 0x00000000d4600000| Untracked 
|  53|0x00000000d4700000, 0x00000000d4700000, 0x00000000d4800000|  0%| F|  |TAMS 0x00000000d4700000, 0x00000000d4700000| Untracked 
|  54|0x00000000d4800000, 0x00000000d4800000, 0x00000000d4900000|  0%| F|  |TAMS 0x00000000d4800000, 0x00000000d4800000| Untracked 
|  55|0x00000000d4900000, 0x00000000d4900000, 0x00000000d4a00000|  0%| F|  |TAMS 0x00000000d4900000, 0x00000000d4900000| Untracked 
|  56|0x00000000d4a00000, 0x00000000d4a00000, 0x00000000d4b00000|  0%| F|  |TAMS 0x00000000d4a00000, 0x00000000d4a00000| Untracked 
|  57|0x00000000d4b00000, 0x00000000d4b00000, 0x00000000d4c00000|  0%| F|  |TAMS 0x00000000d4b00000, 0x00000000d4b00000| Untracked 
|  58|0x00000000d4c00000, 0x00000000d4c00000, 0x00000000d4d00000|  0%| F|  |TAMS 0x00000000d4c00000, 0x00000000d4c00000| Untracked 
|  59|0x00000000d4d00000, 0x00000000d4d00000, 0x00000000d4e00000|  0%| F|  |TAMS 0x00000000d4d00000, 0x00000000d4d00000| Untracked 
|  60|0x00000000d4e00000, 0x00000000d4e00000, 0x00000000d4f00000|  0%| F|  |TAMS 0x00000000d4e00000, 0x00000000d4e00000| Untracked 
|  61|0x00000000d4f00000, 0x00000000d4f00000, 0x00000000d5000000|  0%| F|  |TAMS 0x00000000d4f00000, 0x00000000d4f00000| Untracked 
|  62|0x00000000d5000000, 0x00000000d5000000, 0x00000000d5100000|  0%| F|  |TAMS 0x00000000d5000000, 0x00000000d5000000| Untracked 
|  63|0x00000000d5100000, 0x00000000d5100000, 0x00000000d5200000|  0%| F|  |TAMS 0x00000000d5100000, 0x00000000d5100000| Untracked 
|  64|0x00000000d5200000, 0x00000000d5200000, 0x00000000d5300000|  0%| F|  |TAMS 0x00000000d5200000, 0x00000000d5200000| Untracked 
|  65|0x00000000d5300000, 0x00000000d5300000, 0x00000000d5400000|  0%| F|  |TAMS 0x00000000d5300000, 0x00000000d5300000| Untracked 
|  66|0x00000000d5400000, 0x00000000d5400000, 0x00000000d5500000|  0%| F|  |TAMS 0x00000000d5400000, 0x00000000d5400000| Untracked 
|  67|0x00000000d5500000, 0x00000000d5500000, 0x00000000d5600000|  0%| F|  |TAMS 0x00000000d5500000, 0x00000000d5500000| Untracked 
|  68|0x00000000d5600000, 0x00000000d5600000, 0x00000000d5700000|  0%| F|  |TAMS 0x00000000d5600000, 0x00000000d5600000| Untracked 
|  69|0x00000000d5700000, 0x00000000d5700000, 0x00000000d5800000|  0%| F|  |TAMS 0x00000000d5700000, 0x00000000d5700000| Untracked 
|  70|0x00000000d5800000, 0x00000000d5800000, 0x00000000d5900000|  0%| F|  |TAMS 0x00000000d5800000, 0x00000000d5800000| Untracked 
|  71|0x00000000d5900000, 0x00000000d5900000, 0x00000000d5a00000|  0%| F|  |TAMS 0x00000000d5900000, 0x00000000d5900000| Untracked 
|  72|0x00000000d5a00000, 0x00000000d5a00000, 0x00000000d5b00000|  0%| F|  |TAMS 0x00000000d5a00000, 0x00000000d5a00000| Untracked 
|  73|0x00000000d5b00000, 0x00000000d5b00000, 0x00000000d5c00000|  0%| F|  |TAMS 0x00000000d5b00000, 0x00000000d5b00000| Untracked 
|  74|0x00000000d5c00000, 0x00000000d5c00000, 0x00000000d5d00000|  0%| F|  |TAMS 0x00000000d5c00000, 0x00000000d5c00000| Untracked 
|  75|0x00000000d5d00000, 0x00000000d5d00000, 0x00000000d5e00000|  0%| F|  |TAMS 0x00000000d5d00000, 0x00000000d5d00000| Untracked 
|  76|0x00000000d5e00000, 0x00000000d5e00000, 0x00000000d5f00000|  0%| F|  |TAMS 0x00000000d5e00000, 0x00000000d5e00000| Untracked 
|  77|0x00000000d5f00000, 0x00000000d5f00000, 0x00000000d6000000|  0%| F|  |TAMS 0x00000000d5f00000, 0x00000000d5f00000| Untracked 
|  78|0x00000000d6000000, 0x00000000d6000000, 0x00000000d6100000|  0%| F|  |TAMS 0x00000000d6000000, 0x00000000d6000000| Untracked 
|  79|0x00000000d6100000, 0x00000000d6100000, 0x00000000d6200000|  0%| F|  |TAMS 0x00000000d6100000, 0x00000000d6100000| Untracked 
|  80|0x00000000d6200000, 0x00000000d6200000, 0x00000000d6300000|  0%| F|  |TAMS 0x00000000d6200000, 0x00000000d6200000| Untracked 
|  81|0x00000000d6300000, 0x00000000d6300000, 0x00000000d6400000|  0%| F|  |TAMS 0x00000000d6300000, 0x00000000d6300000| Untracked 
|  82|0x00000000d6400000, 0x00000000d6400000, 0x00000000d6500000|  0%| F|  |TAMS 0x00000000d6400000, 0x00000000d6400000| Untracked 
|  83|0x00000000d6500000, 0x00000000d6500000, 0x00000000d6600000|  0%| F|  |TAMS 0x00000000d6500000, 0x00000000d6500000| Untracked 
|  84|0x00000000d6600000, 0x00000000d6600000, 0x00000000d6700000|  0%| F|  |TAMS 0x00000000d6600000, 0x00000000d6600000| Untracked 
|  85|0x00000000d6700000, 0x00000000d6700000, 0x00000000d6800000|  0%| F|  |TAMS 0x00000000d6700000, 0x00000000d6700000| Untracked 
|  86|0x00000000d6800000, 0x00000000d6800000, 0x00000000d6900000|  0%| F|  |TAMS 0x00000000d6800000, 0x00000000d6800000| Untracked 
|  87|0x00000000d6900000, 0x00000000d6900000, 0x00000000d6a00000|  0%| F|  |TAMS 0x00000000d6900000, 0x00000000d6900000| Untracked 
|  88|0x00000000d6a00000, 0x00000000d6a00000, 0x00000000d6b00000|  0%| F|  |TAMS 0x00000000d6a00000, 0x00000000d6a00000| Untracked 
|  89|0x00000000d6b00000, 0x00000000d6b00000, 0x00000000d6c00000|  0%| F|  |TAMS 0x00000000d6b00000, 0x00000000d6b00000| Untracked 
|  90|0x00000000d6c00000, 0x00000000d6c00000, 0x00000000d6d00000|  0%| F|  |TAMS 0x00000000d6c00000, 0x00000000d6c00000| Untracked 
|  91|0x00000000d6d00000, 0x00000000d6d00000, 0x00000000d6e00000|  0%| F|  |TAMS 0x00000000d6d00000, 0x00000000d6d00000| Untracked 
|  92|0x00000000d6e00000, 0x00000000d6e00000, 0x00000000d6f00000|  0%| F|  |TAMS 0x00000000d6e00000, 0x00000000d6e00000| Untracked 
|  93|0x00000000d6f00000, 0x00000000d6f00000, 0x00000000d7000000|  0%| F|  |TAMS 0x00000000d6f00000, 0x00000000d6f00000| Untracked 
|  94|0x00000000d7000000, 0x00000000d7000000, 0x00000000d7100000|  0%| F|  |TAMS 0x00000000d7000000, 0x00000000d7000000| Untracked 
|  95|0x00000000d7100000, 0x00000000d7100000, 0x00000000d7200000|  0%| F|  |TAMS 0x00000000d7100000, 0x00000000d7100000| Untracked 
|  96|0x00000000d7200000, 0x00000000d7200000, 0x00000000d7300000|  0%| F|  |TAMS 0x00000000d7200000, 0x00000000d7200000| Untracked 
|  97|0x00000000d7300000, 0x00000000d7300000, 0x00000000d7400000|  0%| F|  |TAMS 0x00000000d7300000, 0x00000000d7300000| Untracked 
|  98|0x00000000d7400000, 0x00000000d7400000, 0x00000000d7500000|  0%| F|  |TAMS 0x00000000d7400000, 0x00000000d7400000| Untracked 
|  99|0x00000000d7500000, 0x00000000d7500000, 0x00000000d7600000|  0%| F|  |TAMS 0x00000000d7500000, 0x00000000d7500000| Untracked 
| 100|0x00000000d7600000, 0x00000000d7600000, 0x00000000d7700000|  0%| F|  |TAMS 0x00000000d7600000, 0x00000000d7600000| Untracked 
| 101|0x00000000d7700000, 0x00000000d7700000, 0x00000000d7800000|  0%| F|  |TAMS 0x00000000d7700000, 0x00000000d7700000| Untracked 
| 102|0x00000000d7800000, 0x00000000d7800000, 0x00000000d7900000|  0%| F|  |TAMS 0x00000000d7800000, 0x00000000d7800000| Untracked 
| 103|0x00000000d7900000, 0x00000000d7900000, 0x00000000d7a00000|  0%| F|  |TAMS 0x00000000d7900000, 0x00000000d7900000| Untracked 
| 104|0x00000000d7a00000, 0x00000000d7a00000, 0x00000000d7b00000|  0%| F|  |TAMS 0x00000000d7a00000, 0x00000000d7a00000| Untracked 
| 105|0x00000000d7b00000, 0x00000000d7b00000, 0x00000000d7c00000|  0%| F|  |TAMS 0x00000000d7b00000, 0x00000000d7b00000| Untracked 
| 106|0x00000000d7c00000, 0x00000000d7c00000, 0x00000000d7d00000|  0%| F|  |TAMS 0x00000000d7c00000, 0x00000000d7c00000| Untracked 
| 107|0x00000000d7d00000, 0x00000000d7d00000, 0x00000000d7e00000|  0%| F|  |TAMS 0x00000000d7d00000, 0x00000000d7d00000| Untracked 
| 108|0x00000000d7e00000, 0x00000000d7e00000, 0x00000000d7f00000|  0%| F|  |TAMS 0x00000000d7e00000, 0x00000000d7e00000| Untracked 
| 109|0x00000000d7f00000, 0x00000000d7f00000, 0x00000000d8000000|  0%| F|  |TAMS 0x00000000d7f00000, 0x00000000d7f00000| Untracked 
| 110|0x00000000d8000000, 0x00000000d8000000, 0x00000000d8100000|  0%| F|  |TAMS 0x00000000d8000000, 0x00000000d8000000| Untracked 
| 111|0x00000000d8100000, 0x00000000d8100000, 0x00000000d8200000|  0%| F|  |TAMS 0x00000000d8100000, 0x00000000d8100000| Untracked 
| 112|0x00000000d8200000, 0x00000000d8200000, 0x00000000d8300000|  0%| F|  |TAMS 0x00000000d8200000, 0x00000000d8200000| Untracked 
| 113|0x00000000d8300000, 0x00000000d8300000, 0x00000000d8400000|  0%| F|  |TAMS 0x00000000d8300000, 0x00000000d8300000| Untracked 
| 114|0x00000000d8400000, 0x00000000d8400000, 0x00000000d8500000|  0%| F|  |TAMS 0x00000000d8400000, 0x00000000d8400000| Untracked 
| 115|0x00000000d8500000, 0x00000000d8500000, 0x00000000d8600000|  0%| F|  |TAMS 0x00000000d8500000, 0x00000000d8500000| Untracked 
| 116|0x00000000d8600000, 0x00000000d8700000, 0x00000000d8700000|100%| S|CS|TAMS 0x00000000d8600000, 0x00000000d8600000| Complete 
| 117|0x00000000d8700000, 0x00000000d8800000, 0x00000000d8800000|100%| S|CS|TAMS 0x00000000d8700000, 0x00000000d8700000| Complete 
| 118|0x00000000d8800000, 0x00000000d8800000, 0x00000000d8900000|  0%| F|  |TAMS 0x00000000d8800000, 0x00000000d8800000| Untracked 
| 119|0x00000000d8900000, 0x00000000d8900000, 0x00000000d8a00000|  0%| F|  |TAMS 0x00000000d8900000, 0x00000000d8900000| Untracked 
| 120|0x00000000d8a00000, 0x00000000d8a00000, 0x00000000d8b00000|  0%| F|  |TAMS 0x00000000d8a00000, 0x00000000d8a00000| Untracked 
| 121|0x00000000d8b00000, 0x00000000d8b00000, 0x00000000d8c00000|  0%| F|  |TAMS 0x00000000d8b00000, 0x00000000d8b00000| Untracked 
| 122|0x00000000d8c00000, 0x00000000d8c00000, 0x00000000d8d00000|  0%| F|  |TAMS 0x00000000d8c00000, 0x00000000d8c00000| Untracked 
| 123|0x00000000d8d00000, 0x00000000d8d00000, 0x00000000d8e00000|  0%| F|  |TAMS 0x00000000d8d00000, 0x00000000d8d00000| Untracked 
| 124|0x00000000d8e00000, 0x00000000d8e00000, 0x00000000d8f00000|  0%| F|  |TAMS 0x00000000d8e00000, 0x00000000d8e00000| Untracked 
| 125|0x00000000d8f00000, 0x00000000d8f00000, 0x00000000d9000000|  0%| F|  |TAMS 0x00000000d8f00000, 0x00000000d8f00000| Untracked 
| 126|0x00000000d9000000, 0x00000000d9000000, 0x00000000d9100000|  0%| F|  |TAMS 0x00000000d9000000, 0x00000000d9000000| Untracked 
| 127|0x00000000d9100000, 0x00000000d91300c8, 0x00000000d9200000| 18%| E|  |TAMS 0x00000000d9100000, 0x00000000d9100000| Complete 

Card table byte_map: [0x000001aafb780000,0x000001aafb900000] _byte_map_base: 0x000001aafb0f7000

Marking Bits (Prev, Next): (CMBitMap*) 0x000001aaf7b79498, (CMBitMap*) 0x000001aaf7b794d0
 Prev Bits: [0x000001aafba80000, 0x000001aafc638000)
 Next Bits: [0x000001aafc640000, 0x000001aafd1f8000)

Polling page: 0x000001aaf59c0000

Metaspace:

Usage:
  Non-class:      8.76 MB capacity,     8.53 MB ( 97%) used,   204.63 KB (  2%) free+waste,    34.75 KB ( <1%) overhead. 
      Class:      1.19 MB capacity,  1004.07 KB ( 82%) used,   197.30 KB ( 16%) free+waste,    18.63 KB (  2%) overhead. 
       Both:      9.96 MB capacity,     9.51 MB ( 96%) used,   401.94 KB (  4%) free+waste,    53.38 KB ( <1%) overhead. 

Virtual space:
  Non-class space:       16.00 MB reserved,       9.00 MB ( 56%) committed 
      Class space:        1.00 GB reserved,       1.25 MB ( <1%) committed 
             Both:        1.02 GB reserved,      10.25 MB ( <1%) committed 

Chunk freelists:
   Non-Class:  0 bytes
       Class:  0 bytes
        Both:  0 bytes

MaxMetaspaceSize: 17179869184.00 GB
CompressedClassSpaceSize: 1.00 GB
Initial GC threshold: 20.80 MB
Current GC threshold: 21.12 MB
CDS: off

CodeHeap 'non-profiled nmethods': size=120064Kb used=205Kb max_used=205Kb free=119858Kb
 bounds [0x000001aa87ac0000, 0x000001aa87d30000, 0x000001aa8f000000]
CodeHeap 'profiled nmethods': size=120000Kb used=1163Kb max_used=1163Kb free=118836Kb
 bounds [0x000001aa80590000, 0x000001aa80800000, 0x000001aa87ac0000]
CodeHeap 'non-nmethods': size=5696Kb used=1164Kb max_used=1167Kb free=4532Kb
 bounds [0x000001aa80000000, 0x000001aa80270000, 0x000001aa80590000]
 total_blobs=1150 nmethods=733 adapters=330
 compilation: enabled
              stopped_count=0, restarted_count=0
 full_count=0

Compilation events (20 events):
Event: 1.414 Thread 0x000001aaff819000  723       3       jdk.internal.org.objectweb.asm.ClassWriter::<init> (117 bytes)
Event: 1.415 Thread 0x000001aaff819000 nmethod 723 0x000001aa806acc10 code [0x000001aa806acea0, 0x000001aa806adac8]
Event: 1.415 Thread 0x000001aaff819000  725       3       jdk.internal.org.objectweb.asm.AnnotationWriter::getSize (28 bytes)
Event: 1.415 Thread 0x000001aaff819000 nmethod 725 0x000001aa806add90 code [0x000001aa806adf40, 0x000001aa806ae0f8]
Event: 1.415 Thread 0x000001aaff819000  724       3       jdk.internal.org.objectweb.asm.ClassVisitor::<init> (7 bytes)
Event: 1.415 Thread 0x000001aaff819000 nmethod 724 0x000001aa806ae210 code [0x000001aa806ae3e0, 0x000001aa806ae708]
Event: 1.417 Thread 0x000001aaff819000  729       3       java.util.Arrays::asList (9 bytes)
Event: 1.418 Thread 0x000001aaff819000 nmethod 729 0x000001aa806ae810 code [0x000001aa806aea00, 0x000001aa806aee68]
Event: 1.418 Thread 0x000001aaff819000  731       3       java.lang.invoke.MethodType::dropParameterTypes (162 bytes)
Event: 1.419 Thread 0x000001aaff819000 nmethod 731 0x000001aa806af010 code [0x000001aa806af340, 0x000001aa806b04a8]
Event: 1.419 Thread 0x000001aaff819000  730       3       java.util.Arrays$ArrayList::<init> (16 bytes)
Event: 1.419 Thread 0x000001aaff819000 nmethod 730 0x000001aa806b0a10 code [0x000001aa806b0c00, 0x000001aa806b0fc8]
Event: 1.419 Thread 0x000001aaff819000  732       1       java.lang.invoke.StringConcatFactory$RecipeElement::getTag (5 bytes)
Event: 1.419 Thread 0x000001aaff819000 nmethod 732 0x000001aa87af2590 code [0x000001aa87af2740, 0x000001aa87af27f8]
Event: 1.420 Thread 0x000001aaff819000  735       3       java.lang.invoke.BoundMethodHandle::speciesDataFor (32 bytes)
Event: 1.420 Thread 0x000001aaff819000 nmethod 735 0x000001aa806b1190 code [0x000001aa806b1360, 0x000001aa806b16b8]
Event: 2.035 Thread 0x000001aaff819000  738       3       java.lang.invoke.LambdaFormEditor::oldSpeciesData (8 bytes)
Event: 2.035 Thread 0x000001aaff819000 nmethod 738 0x000001aa806b1810 code [0x000001aa806b19e0, 0x000001aa806b1db8]
Event: 2.035 Thread 0x000001aaff819000  739       3       java.lang.invoke.LambdaFormBuffer::replaceName (124 bytes)
Event: 2.036 Thread 0x000001aaff819000 nmethod 739 0x000001aa806b1f10 code [0x000001aa806b20e0, 0x000001aa806b2288]

GC Heap History (2 events):
Event: 1.446 GC heap before
{Heap before GC invocations=0 (full 0):
 garbage-first heap   total 131072K, used 10240K [0x00000000d1200000, 0x0000000100000000)
  region size 1024K, 10 young (10240K), 0 survivors (0K)
 Metaspace       used 9685K, capacity 10174K, committed 10240K, reserved 1064960K
  class space    used 997K, capacity 1214K, committed 1280K, reserved 1048576K
}
Event: 2.033 GC heap after
{Heap after GC invocations=1 (full 0):
 garbage-first heap   total 131072K, used 3374K [0x00000000d1200000, 0x0000000100000000)
  region size 1024K, 2 young (2048K), 2 survivors (2048K)
 Metaspace       used 9685K, capacity 10174K, committed 10240K, reserved 1064960K
  class space    used 997K, capacity 1214K, committed 1280K, reserved 1048576K
}

Deoptimization events (4 events):
Event: 0.183 Thread 0x000001aaf7b4c800 Uncommon trap: trap_request=0xffffff4d fr.pc=0x000001aa87ac3b98 relative=0x0000000000000178
Event: 0.183 Thread 0x000001aaf7b4c800 Uncommon trap: reason=unstable_if action=reinterpret pc=0x000001aa87ac3b98 method=java.lang.String.hashCode()I @ 14 c2
Event: 0.183 Thread 0x000001aaf7b4c800 DEOPT PACKING pc=0x000001aa87ac3b98 sp=0x0000004ddebfd950
Event: 0.183 Thread 0x000001aaf7b4c800 DEOPT UNPACKING pc=0x000001aa8004a1af sp=0x0000004ddebfd8e8 mode 2

Classes redefined (0 events):
No events

Internal exceptions (19 events):
Event: 0.565 Thread 0x000001aaf7b4c800 Exception <a 'java/lang/NoSuchMethodError'{0x00000000d8ecfab8}: 'java.lang.Object java.lang.invoke.DirectMethodHandle$Holder.invokeStaticInit(java.lang.Object, int, int, int, int)'> (0x00000000d8ecfab8) thrown at [./src/hotspot/share/interpreter/linkResolver.cpp, line 773]
Event: 0.947 Thread 0x000001aaf7b4c800 Exception <a 'java/lang/NoSuchMethodError'{0x00000000d8eeeda0}: 'java.lang.Object java.lang.invoke.DirectMethodHandle$Holder.invokeStaticInit(java.lang.Object, java.lang.Object, int, int, int, int)'> (0x00000000d8eeeda0) thrown at [./src/hotspot/share/interpreter/linkResolver.cpp, line 773]
Event: 1.254 Thread 0x000001aaf7b4c800 Exception <a 'java/lang/NoSuchMethodError'{0x00000000d8b1da30}: 'java.lang.Object java.lang.invoke.DirectMethodHandle$Holder.invokeStatic(java.lang.Object, java.lang.Object, java.lang.Object, java.lang.Object, java.lang.Object, java.lang.Object, java.lang.Object, java.lang.Object, java.lang.Object, java.lang.Object, java.lang.Object, java.lang.Object, java.lang.Object, int)'> (0x00000000d8b1da30) thrown at [./src/hotspot/share/interpreter/linkResolver.cpp, line 773]
Event: 1.256 Thread 0x000001aaf7b4c800 Exception <a 'java/lang/NoSuchMethodError'{0x00000000d8b29f70}: 'java.lang.Object java.lang.invoke.DirectMethodHandle$Holder.invokeStatic(java.lang.Object, java.lang.Object, java.lang.Object, java.lang.Object, java.lang.Object, java.lang.Object, java.lang.Object, java.lang.Object, java.lang.Object, java.lang.Object, java.lang.Object, java.lang.Object, java.lang.Object, int, int)'> (0x00000000d8b29f70) thrown at [./src/hotspot/share/interpreter/linkResolver.cpp, line 773]
Event: 1.258 Thread 0x000001aaf7b4c800 Exception <a 'java/lang/NoSuchMethodError'{0x00000000d8b366e0}: 'java.lang.Object java.lang.invoke.DirectMethodHandle$Holder.invokeStatic(java.lang.Object, java.lang.Object, java.lang.Object, java.lang.Object, java.lang.Object, java.lang.Object, java.lang.Object, java.lang.Object, java.lang.Object, java.lang.Object, java.lang.Object, java.lang.Object, java.lang.Object, int, int, java.lang.Object)'> (0x00000000d8b366e0) thrown at [./src/hotspot/share/interpreter/linkResolver.cpp, line 773]
Event: 1.273 Thread 0x000001aaf7b4c800 Exception <a 'java/lang/NoSuchMethodError'{0x00000000d8b9e848}: 'java.lang.Object java.lang.invoke.DirectMethodHandle$Holder.invokeStatic(java.lang.Object, java.lang.Object, java.lang.Object, java.lang.Object, java.lang.Object, java.lang.Object, java.lang.Object, java.lang.Object, java.lang.Object, java.lang.Object, java.lang.Object, java.lang.Object, java.lang.Object, java.lang.Object, java.lang.Object)'> (0x00000000d8b9e848) thrown at [./src/hotspot/share/interpreter/linkResolver.cpp, line 773]
Event: 1.275 Thread 0x000001aaf7b4c800 Exception <a 'java/lang/NoSuchMethodError'{0x00000000d8bac400}: 'java.lang.Object java.lang.invoke.DirectMethodHandle$Holder.invokeStatic(java.lang.Object, java.lang.Object, java.lang.Object, java.lang.Object, java.lang.Object, java.lang.Object, java.lang.Object, java.lang.Object, java.lang.Object, java.lang.Object, java.lang.Object, java.lang.Object, java.lang.Object, java.lang.Object, java.lang.Object, java.lang.Object)'> (0x00000000d8bac400) thrown at [./src/hotspot/share/interpreter/linkResolver.cpp, l
Event: 1.276 Thread 0x000001aaf7b4c800 Exception <a 'java/lang/NoSuchMethodError'{0x00000000d8bba130}: 'java.lang.Object java.lang.invoke.DirectMethodHandle$Holder.invokeSpecial(java.lang.Object, java.lang.Object, int, int, java.lang.Object, java.lang.Object, java.lang.Object)'> (0x00000000d8bba130) thrown at [./src/hotspot/share/interpreter/linkResolver.cpp, line 773]
Event: 1.277 Thread 0x000001aaf7b4c800 Exception <a 'java/lang/NoSuchMethodError'{0x00000000d8bbd6c0}: 'java.lang.Object java.lang.invoke.DelegatingMethodHandle$Holder.reinvoke_L(java.lang.Object, int, int, java.lang.Object, java.lang.Object, java.lang.Object)'> (0x00000000d8bbd6c0) thrown at [./src/hotspot/share/interpreter/linkResolver.cpp, line 773]
Event: 1.278 Thread 0x000001aaf7b4c800 Exception <a 'java/lang/NoSuchMethodError'{0x00000000d8bcb8d8}: 'java.lang.Object java.lang.invoke.DirectMethodHandle$Holder.invokeStatic(java.lang.Object, java.lang.Object, java.lang.Object, java.lang.Object, java.lang.Object, java.lang.Object, int)'> (0x00000000d8bcb8d8) thrown at [./src/hotspot/share/interpreter/linkResolver.cpp, line 773]
Event: 1.319 Thread 0x000001aaf7b4c800 Exception <a 'java/lang/NoSuchMethodError'{0x00000000d8aa0a70}: 'java.lang.Object java.lang.invoke.DirectMethodHandle$Holder.invokeSpecial(java.lang.Object, java.lang.Object, int, int, java.lang.Object, int, java.lang.Object, java.lang.Object)'> (0x00000000d8aa0a70) thrown at [./src/hotspot/share/interpreter/linkResolver.cpp, line 773]
Event: 1.320 Thread 0x000001aaf7b4c800 Exception <a 'java/lang/NoSuchMethodError'{0x00000000d8aa40b0}: 'java.lang.Object java.lang.invoke.DelegatingMethodHandle$Holder.reinvoke_L(java.lang.Object, int, int, java.lang.Object, int, java.lang.Object, java.lang.Object)'> (0x00000000d8aa40b0) thrown at [./src/hotspot/share/interpreter/linkResolver.cpp, line 773]
Event: 1.328 Thread 0x000001aaf7b4c800 Exception <a 'java/lang/NoSuchMethodError'{0x00000000d8ace348}: 'java.lang.Object java.lang.invoke.DirectMethodHandle$Holder.invokeStatic(java.lang.Object, java.lang.Object, java.lang.Object, java.lang.Object, java.lang.Object, java.lang.Object, java.lang.Object, java.lang.Object, int)'> (0x00000000d8ace348) thrown at [./src/hotspot/share/interpreter/linkResolver.cpp, line 773]
Event: 1.335 Thread 0x000001aaf7b4c800 Exception <a 'java/lang/NoSuchMethodError'{0x00000000d8ae8ad8}: 'java.lang.Object java.lang.invoke.DirectMethodHandle$Holder.invokeStatic(java.lang.Object, java.lang.Object, java.lang.Object, java.lang.Object, java.lang.Object, java.lang.Object, java.lang.Object, java.lang.Object, int, int)'> (0x00000000d8ae8ad8) thrown at [./src/hotspot/share/interpreter/linkResolver.cpp, line 773]
Event: 1.340 Thread 0x000001aaf7b4c800 Exception <a 'java/lang/NoSuchMethodError'{0x00000000d89044e8}: 'java.lang.Object java.lang.invoke.DirectMethodHandle$Holder.invokeStatic(java.lang.Object, java.lang.Object, java.lang.Object, java.lang.Object, java.lang.Object, java.lang.Object, java.lang.Object, java.lang.Object, int, int, java.lang.Object)'> (0x00000000d89044e8) thrown at [./src/hotspot/share/interpreter/linkResolver.cpp, line 773]
Event: 1.350 Thread 0x000001aaf7b4c800 Exception <a 'java/lang/NoSuchMethodError'{0x00000000d8920d38}: 'java.lang.Object java.lang.invoke.DirectMethodHandle$Holder.invokeStatic(java.lang.Object, java.lang.Object, java.lang.Object, java.lang.Object, java.lang.Object, java.lang.Object, java.lang.Object, java.lang.Object, int, int, java.lang.Object, java.lang.Object)'> (0x00000000d8920d38) thrown at [./src/hotspot/share/interpreter/linkResolver.cpp, line 773]
Event: 1.401 Thread 0x000001aaf7b4c800 Exception <a 'java/lang/NoSuchMethodError'{0x00000000d89a5188}: 'java.lang.Object java.lang.invoke.DirectMethodHandle$Holder.invokeStatic(java.lang.Object, java.lang.Object, java.lang.Object, java.lang.Object, int)'> (0x00000000d89a5188) thrown at [./src/hotspot/share/interpreter/linkResolver.cpp, line 773]
Event: 2.037 Thread 0x000001aaf7b4c800 Exception <a 'java/lang/NoSuchMethodError'{0x00000000d9114818}: 'java.lang.Object java.lang.invoke.DelegatingMethodHandle$Holder.reinvoke_L(java.lang.Object, java.lang.Object, long)'> (0x00000000d9114818) thrown at [./src/hotspot/share/interpreter/linkResolver.cpp, line 773]
Event: 2.037 Thread 0x000001aaf7b4c800 Exception <a 'java/lang/NoSuchMethodError'{0x00000000d9117a08}: 'java.lang.Object java.lang.invoke.Invokers$Holder.linkToTargetMethod(java.lang.Object, long, java.lang.Object)'> (0x00000000d9117a08) thrown at [./src/hotspot/share/interpreter/linkResolver.cpp, line 773]

Events (20 events):
Event: 1.412 loading class java/lang/invoke/BoundMethodHandle$Species_LIILLL
Event: 1.412 loading class java/lang/invoke/BoundMethodHandle$Species_LIILLL done
Event: 1.446 Executing VM operation: CollectForMetadataAllocation
Event: 2.033 Executing VM operation: CollectForMetadataAllocation done
Event: 2.033 Executing VM operation: RevokeBias
Event: 2.033 Executing VM operation: RevokeBias done
Event: 2.033 Executing VM operation: RevokeBias
Event: 2.033 Executing VM operation: RevokeBias done
Event: 2.033 Executing VM operation: RevokeBias
Event: 2.033 Executing VM operation: RevokeBias done
Event: 2.033 Executing VM operation: RevokeBias
Event: 2.034 Executing VM operation: RevokeBias done
Event: 2.034 Executing VM operation: RevokeBias
Event: 2.034 Executing VM operation: RevokeBias done
Event: 2.039 loading class java/util/regex/Matcher
Event: 2.039 loading class java/util/regex/MatchResult
Event: 2.039 loading class java/util/regex/MatchResult done
Event: 2.039 loading class java/util/regex/Matcher done
Event: 2.040 loading class java/util/regex/IntHashSet
Event: 2.040 loading class java/util/regex/IntHashSet done


Dynamic libraries:
0x00007ff636940000 - 0x00007ff63694a000 	C:\Program Files\JetBrains\IntelliJ IDEA 2021.2.3\jbr\bin\java.exe
0x00007ffecbe20000 - 0x00007ffecc00d000 	C:\Windows\SYSTEM32\ntdll.dll
0x00007ffeca1e0000 - 0x00007ffeca294000 	C:\Windows\System32\KERNEL32.DLL
0x00007ffec8770000 - 0x00007ffec8a04000 	C:\Windows\System32\KERNELBASE.dll
0x00007ffec8ab0000 - 0x00007ffec8baa000 	C:\Windows\System32\ucrtbase.dll
0x00007ffeaea50000 - 0x00007ffeaea69000 	C:\Program Files\JetBrains\IntelliJ IDEA 2021.2.3\jbr\bin\jli.dll
0x00007ffea4040000 - 0x00007ffea4057000 	C:\Program Files\JetBrains\IntelliJ IDEA 2021.2.3\jbr\bin\VCRUNTIME140.dll
0x00007ffecb9f0000 - 0x00007ffecbb87000 	C:\Windows\System32\USER32.dll
0x00007ffec86a0000 - 0x00007ffec86c0000 	C:\Windows\System32\win32u.dll
0x00007ffec9ff0000 - 0x00007ffeca019000 	C:\Windows\System32\GDI32.dll
0x00007ffeab270000 - 0x00007ffeab4e9000 	C:\Windows\WinSxS\amd64_microsoft.windows.common-controls_6595b64144ccf1df_6.0.17763.2565_none_de7373805349545e\COMCTL32.dll
0x00007ffec8eb0000 - 0x00007ffec904c000 	C:\Windows\System32\gdi32full.dll
0x00007ffeca020000 - 0x00007ffeca0be000 	C:\Windows\System32\msvcrt.dll
0x00007ffec8600000 - 0x00007ffec86a0000 	C:\Windows\System32\msvcp_win.dll
0x00007ffec90d0000 - 0x00007ffec93fd000 	C:\Windows\System32\combase.dll
0x00007ffeca0c0000 - 0x00007ffeca1dd000 	C:\Windows\System32\RPCRT4.dll
0x00007ffec8bb0000 - 0x00007ffec8c32000 	C:\Windows\System32\bcryptPrimitives.dll
0x00007ffecbc40000 - 0x00007ffecbc6e000 	C:\Windows\System32\IMM32.DLL
0x00007ffe941b0000 - 0x00007ffe9424d000 	C:\Program Files\JetBrains\IntelliJ IDEA 2021.2.3\jbr\bin\msvcp140.dll
0x00007ffe7b860000 - 0x00007ffe7c3b8000 	C:\Program Files\JetBrains\IntelliJ IDEA 2021.2.3\jbr\bin\server\jvm.dll
0x00007ffec9870000 - 0x00007ffec9917000 	C:\Windows\System32\ADVAPI32.dll
0x00007ffec9e20000 - 0x00007ffec9ebf000 	C:\Windows\System32\sechost.dll
0x00007ffec9860000 - 0x00007ffec9868000 	C:\Windows\System32\PSAPI.DLL
0x00007ffec5ea0000 - 0x00007ffec5ec4000 	C:\Windows\SYSTEM32\WINMM.dll
0x00007ffec2ce0000 - 0x00007ffec2cea000 	C:\Windows\SYSTEM32\VERSION.dll
0x00007ffec5e70000 - 0x00007ffec5e9d000 	C:\Windows\SYSTEM32\WINMMBASE.dll
0x00007ffec8a30000 - 0x00007ffec8a7a000 	C:\Windows\System32\cfgmgr32.dll
0x00007ffeaea40000 - 0x00007ffeaea49000 	C:\Windows\SYSTEM32\WSOCK32.dll
0x00007ffec94e0000 - 0x00007ffec954d000 	C:\Windows\System32\WS2_32.dll
0x00007ffec7e90000 - 0x00007ffec7ea1000 	C:\Windows\System32\kernel.appcore.dll
0x00007ffead4a0000 - 0x00007ffead4b1000 	C:\Program Files\JetBrains\IntelliJ IDEA 2021.2.3\jbr\bin\verify.dll
0x00007ffec0280000 - 0x00007ffec046d000 	C:\Windows\SYSTEM32\DBGHELP.DLL
0x00007ffec0250000 - 0x00007ffec027a000 	C:\Windows\SYSTEM32\dbgcore.DLL
0x00007ffead470000 - 0x00007ffead499000 	C:\Program Files\JetBrains\IntelliJ IDEA 2021.2.3\jbr\bin\java.dll
0x00007ffead460000 - 0x00007ffead46b000 	C:\Program Files\JetBrains\IntelliJ IDEA 2021.2.3\jbr\bin\jimage.dll
0x00007ffead440000 - 0x00007ffead458000 	C:\Program Files\JetBrains\IntelliJ IDEA 2021.2.3\jbr\bin\zip.dll
0x00007ffeca2a0000 - 0x00007ffecb799000 	C:\Windows\System32\SHELL32.dll
0x00007ffecbc70000 - 0x00007ffecbd18000 	C:\Windows\System32\shcore.dll
0x00007ffec7eb0000 - 0x00007ffec85f8000 	C:\Windows\System32\windows.storage.dll
0x00007ffec7e40000 - 0x00007ffec7e64000 	C:\Windows\System32\profapi.dll
0x00007ffec7de0000 - 0x00007ffec7e3d000 	C:\Windows\System32\powrprof.dll
0x00007ffec9400000 - 0x00007ffec9452000 	C:\Windows\System32\shlwapi.dll
0x00007ffec8a10000 - 0x00007ffec8a27000 	C:\Windows\System32\cryptsp.dll
0x00007ffead420000 - 0x00007ffead43a000 	C:\Program Files\JetBrains\IntelliJ IDEA 2021.2.3\jbr\bin\net.dll
0x00007ffec3bd0000 - 0x00007ffec3cc1000 	C:\Windows\SYSTEM32\WINHTTP.dll
0x00007ffec75d0000 - 0x00007ffec7637000 	C:\Windows\system32\mswsock.dll
0x00007ffead400000 - 0x00007ffead414000 	C:\Program Files\JetBrains\IntelliJ IDEA 2021.2.3\jbr\bin\nio.dll
0x00007ffec7150000 - 0x00007ffec7183000 	C:\Windows\system32\rsaenh.dll
0x00007ffec8a80000 - 0x00007ffec8aa6000 	C:\Windows\System32\bcrypt.dll
0x00007ffec7d10000 - 0x00007ffec7d39000 	C:\Windows\SYSTEM32\USERENV.dll
0x00007ffec77a0000 - 0x00007ffec77ac000 	C:\Windows\SYSTEM32\CRYPTBASE.dll
0x00007ffec72e0000 - 0x00007ffec731e000 	C:\Windows\SYSTEM32\IPHLPAPI.DLL
0x00007ffec9920000 - 0x00007ffec9928000 	C:\Windows\System32\NSI.dll
0x00007ffec23c0000 - 0x00007ffec23d6000 	C:\Windows\SYSTEM32\dhcpcsvc6.DLL
0x00007ffec23a0000 - 0x00007ffec23bc000 	C:\Windows\SYSTEM32\dhcpcsvc.DLL
0x00007ffec7320000 - 0x00007ffec73e6000 	C:\Windows\SYSTEM32\DNSAPI.dll
0x00007ffea2950000 - 0x00007ffea2958000 	C:\Program Files\JetBrains\IntelliJ IDEA 2021.2.3\jbr\bin\rmi.dll

dbghelp: loaded successfully - version: 4.0.5 - missing functions: none
symbol engine: initialized successfully - sym options: 0x614 - pdb path: .;C:\Program Files\JetBrains\IntelliJ IDEA 2021.2.3\jbr\bin;C:\Windows\SYSTEM32;C:\Windows\WinSxS\amd64_microsoft.windows.common-controls_6595b64144ccf1df_6.0.17763.2565_none_de7373805349545e;C:\Program Files\JetBrains\IntelliJ IDEA 2021.2.3\jbr\bin\server

VM Arguments:
jvm_args: -Djava.rmi.server.hostname=127.0.0.1 -Duser.timezone=UTC -Xmx750m -Xms128m -Dfile.encoding=UTF-8 
java_command: com.intellij.database.remote.RemoteJdbcServer com.mysql.cj.jdbc.Driver
java_class_path (initial): C:\Program Files\JetBrains\IntelliJ IDEA 2021.2.3\lib\util.jar;C:\Program Files\JetBrains\IntelliJ IDEA 2021.2.3\lib\groovy-2.5.14.jar;C:\Program Files\JetBrains\IntelliJ IDEA 2021.2.3\plugins\DatabaseTools\lib\jdbc-console.jar;C:\Users\Garry\AppData\Roaming\JetBrains\IntelliJIdea2021.2\jdbc-drivers\MySQL ConnectorJ\8.0.25\mysql-connector-java-8.0.25.jar
Launcher Type: SUN_STANDARD

[Global flags]
     intx CICompilerCount                          = 3                                         {product} {ergonomic}
     uint ConcGCThreads                            = 1                                         {product} {ergonomic}
     uint G1ConcRefinementThreads                  = 4                                         {product} {ergonomic}
   size_t G1HeapRegionSize                         = 1048576                                   {product} {ergonomic}
    uintx GCDrainStackTargetSize                   = 64                                        {product} {ergonomic}
   size_t InitialHeapSize                          = 134217728                                 {product} {command line}
   size_t MarkStackSize                            = 4194304                                   {product} {ergonomic}
   size_t MaxHeapSize                              = 786432000                                 {product} {command line}
   size_t MaxNewSize                               = 471859200                                 {product} {ergonomic}
   size_t MinHeapDeltaBytes                        = 1048576                                   {product} {ergonomic}
    uintx NonNMethodCodeHeapSize                   = 5830732                                {pd product} {ergonomic}
    uintx NonProfiledCodeHeapSize                  = 122913754                              {pd product} {ergonomic}
    uintx ProfiledCodeHeapSize                     = 122913754                              {pd product} {ergonomic}
    uintx ReservedCodeCacheSize                    = 251658240                              {pd product} {ergonomic}
     bool SegmentedCodeCache                       = true                                      {product} {ergonomic}
     bool UseCompressedClassPointers               = true                                 {lp64_product} {ergonomic}
     bool UseCompressedOops                        = true                                 {lp64_product} {ergonomic}
     bool UseG1GC                                  = true                                      {product} {ergonomic}
     bool UseLargePagesIndividualAllocation        = false                                  {pd product} {ergonomic}

Logging:
Log output configuration:
 #0: stdout all=warning uptime,level,tags
 #1: stderr all=off uptime,level,tags

Environment Variables:
PATH=C:\Program Files\Common Files\Oracle\Java\javapath;C:\Program Files (x86)\Common Files\Oracle\Java\javapath;C:\Windows\system32;C:\Windows;C:\Windows\System32\Wbem;C:\Windows\System32\WindowsPowerShell\v1.0\;C:\Windows\System32\OpenSSH\;C:\Program Files\Git\cmd;C:\Program Files\nodejs\;C:\Program Files\MySQL\MySQL Shell 8.0\bin\;C:\Users\Garry\AppData\Local\Microsoft\WindowsApps;C:\Users\Garry\AppData\Local\Programs\Microsoft VS Code\bin;C:\Users\Garry\AppData\Roaming\npm;C:\Users\Garry\AppData\Local\GitHubDesktop\bin;C:\Program Files\JetBrains\IntelliJ IDEA Community Edition 2021.1.3\bin;;C:\Program Files\JetBrains\IntelliJ IDEA 2021.2.3\bin;
USERNAME=Garry
OS=Windows_NT
PROCESSOR_IDENTIFIER=Intel64 Family 6 Model 42 Stepping 7, GenuineIntel



---------------  S Y S T E M  ---------------

OS: Windows 10 , 64 bit Build 17763 (10.0.17763.2452)
OS uptime: 1 days 22:50 hours

CPU:total 4 (initial active 4) (2 cores per cpu, 2 threads per core) family 6 model 42 stepping 7 microcode 0x2f, cmov, cx8, fxsr, mmx, sse, sse2, sse3, ssse3, sse4.1, sse4.2, popcnt, avx, clmul, ht, tsc, tscinvbit

Memory: 4k page, system-wide physical 4059M (222M free)
TotalPageFile size 7131M (AvailPageFile size 0M)
current process WorkingSet (physical memory assigned to process): 59M, peak: 59M
current process commit charge ("private bytes"): 205M, peak: 205M

vm_info: OpenJDK 64-Bit Server VM (11.0.12+7-b1504.40) for windows-amd64 JRE (11.0.12+7-b1504.40), built on Sep 23 2021 14:38:03 by "" with MS VC++ 14.0 (VS2015)

END.
